<?xml version="1.0" encoding="UTF-8"?>
<!-- Generated by org.testng.reporters.JUnitXMLReporter -->
<testsuite ignored="0" hostname="DESKTOP-U079FS1" failures="1" tests="3" name="SubmitOrderTest" time="35.127" errors="0" timestamp="2024-08-05T14:50:26 IST">
  <testcase classname="rahulshettyacademy.tests.SubmitOrdertest" name="submitOrder" time="14.789">
    <failure type="java.lang.AssertionError">
      <![CDATA[java.lang.AssertionError: 
at rahulshettyacademy.tests.SubmitOrdertest.submitOrder(SubmitOrdertest.java:62)
at java.base/java.util.ArrayList.forEach(ArrayList.java:1596)
at java.base/java.util.concurrent.FutureTask.run(FutureTask.java:317)
at java.base/java.util.concurrent.ThreadPoolExecutor.runWorker(ThreadPoolExecutor.java:1144)
at java.base/java.util.concurrent.ThreadPoolExecutor$Worker.run(ThreadPoolExecutor.java:642)
at java.base/java.lang.Thread.run(Thread.java:1583)
... Removed 19 stack frames]]>
    </failure>
  </testcase> <!-- submitOrder -->
  <testcase classname="rahulshettyacademy.tests.SubmitOrdertest" name="submitOrder" time="14.81"/>
  <testcase classname="rahulshettyacademy.tests.SubmitOrdertest" name="OrderHistoryTest" time="0.0">
    <skipped/>
  </testcase> <!-- OrderHistoryTest -->
</testsuite> <!-- SubmitOrderTest -->
